<?xml version="1.0" encoding="UTF-8"?>
<robot generator="Robot 3.0.2 (Python 3.6.3 on win32)" generated="20171221 10:21:27.250">
<suite id="s1" name="测试落单" source="D:\Projects\test\cash\测试\测试落单.robot">
<test id="s1-t1" name="登录">
<kw name="Chrome Headless">
<arguments>
<arg>${base_url}</arg>
</arguments>
<kw name="Evaluate" library="BuiltIn">
<doc>Evaluates the given expression in Python and returns the results.</doc>
<arguments>
<arg>sys.modules['selenium.webdriver'].ChromeOptions()</arg>
<arg>sys, selenium.webdriver</arg>
</arguments>
<assign>
<var>${options}</var>
</assign>
<msg timestamp="20171221 10:21:27.370" level="INFO">${options} = &lt;selenium.webdriver.chrome.options.Options object at 0x000001B4440C0C50&gt;</msg>
<status status="PASS" starttime="20171221 10:21:27.370" endtime="20171221 10:21:27.370"></status>
</kw>
<kw name="Call Method" library="BuiltIn">
<doc>Calls the named method of the given object with the provided arguments.</doc>
<arguments>
<arg>${options}</arg>
<arg>add_argument</arg>
<arg>--start-maximized</arg>
</arguments>
<status status="PASS" starttime="20171221 10:21:27.370" endtime="20171221 10:21:27.371"></status>
</kw>
<kw name="Call Method" library="BuiltIn">
<doc>Calls the named method of the given object with the provided arguments.</doc>
<arguments>
<arg>${options}</arg>
<arg>add_argument</arg>
<arg>--headless</arg>
</arguments>
<status status="PASS" starttime="20171221 10:21:27.371" endtime="20171221 10:21:27.371"></status>
</kw>
<kw name="Call Method" library="BuiltIn">
<doc>Calls the named method of the given object with the provided arguments.</doc>
<arguments>
<arg>${options}</arg>
<arg>add_argument</arg>
<arg>--disable-gpu</arg>
</arguments>
<status status="PASS" starttime="20171221 10:21:27.371" endtime="20171221 10:21:27.371"></status>
</kw>
<kw name="Create Webdriver" library="SeleniumLibrary">
<doc>Creates an instance of Selenium WebDriver.</doc>
<arguments>
<arg>Chrome</arg>
<arg>chrome_options=${options}</arg>
</arguments>
<msg timestamp="20171221 10:21:27.371" level="INFO">Creating an instance of the Chrome WebDriver.</msg>
<status status="PASS" starttime="20171221 10:21:27.371" endtime="20171221 10:21:31.004"></status>
</kw>
<kw name="Go To" library="SeleniumLibrary">
<doc>Navigates the active browser instance to the provided ``url``.</doc>
<arguments>
<arg>${url}</arg>
</arguments>
<msg timestamp="20171221 10:21:31.005" level="INFO">Opening url 'http://127.0.0.1:9999'</msg>
<status status="PASS" starttime="20171221 10:21:31.004" endtime="20171221 10:21:31.383"></status>
</kw>
<status status="PASS" starttime="20171221 10:21:27.369" endtime="20171221 10:21:31.383"></status>
</kw>
<kw name="Input">
<arguments>
<arg>账号</arg>
<arg>${username}</arg>
</arguments>
<kw name="Input Text" library="SeleniumLibrary">
<doc>Types the given ``text`` into text field identified by ``locator``.</doc>
<arguments>
<arg>xpath=//*[contains(text(),"${label}")]/following::input</arg>
<arg>${text}</arg>
</arguments>
<msg timestamp="20171221 10:21:31.385" level="INFO">Typing text '0100401' into text field 'xpath=//*[contains(text(),"账号")]/following::input'.</msg>
<status status="PASS" starttime="20171221 10:21:31.384" endtime="20171221 10:21:31.522"></status>
</kw>
<status status="PASS" starttime="20171221 10:21:31.384" endtime="20171221 10:21:31.522"></status>
</kw>
<kw name="Input">
<arguments>
<arg>密码</arg>
<arg>${password}</arg>
</arguments>
<kw name="Input Text" library="SeleniumLibrary">
<doc>Types the given ``text`` into text field identified by ``locator``.</doc>
<arguments>
<arg>xpath=//*[contains(text(),"${label}")]/following::input</arg>
<arg>${text}</arg>
</arguments>
<msg timestamp="20171221 10:21:31.523" level="INFO">Typing text '000000' into text field 'xpath=//*[contains(text(),"密码")]/following::input'.</msg>
<status status="PASS" starttime="20171221 10:21:31.523" endtime="20171221 10:21:31.604"></status>
</kw>
<status status="PASS" starttime="20171221 10:21:31.522" endtime="20171221 10:21:31.604"></status>
</kw>
<kw name="Click">
<arguments>
<arg>登录</arg>
</arguments>
<kw name="Click Element" library="SeleniumLibrary">
<doc>Click element identified by ``locator``.</doc>
<arguments>
<arg>xpath=//*[text()="${text}"]</arg>
</arguments>
<msg timestamp="20171221 10:21:31.605" level="INFO">Clicking element 'xpath=//*[text()="登录"]'.</msg>
<status status="PASS" starttime="20171221 10:21:31.605" endtime="20171221 10:21:31.718"></status>
</kw>
<status status="PASS" starttime="20171221 10:21:31.604" endtime="20171221 10:21:31.718"></status>
</kw>
<kw name="Sleep" library="BuiltIn">
<doc>Pauses the test executed for the given time.</doc>
<arguments>
<arg>3</arg>
</arguments>
<msg timestamp="20171221 10:21:34.719" level="INFO">Slept 3 seconds</msg>
<status status="PASS" starttime="20171221 10:21:31.718" endtime="20171221 10:21:34.719"></status>
</kw>
<kw name="Click Element" library="SeleniumLibrary">
<doc>Click element identified by ``locator``.</doc>
<arguments>
<arg>xpath=//span[text()="麻辣小龙虾"]</arg>
</arguments>
<msg timestamp="20171221 10:21:34.720" level="INFO">Clicking element 'xpath=//span[text()="麻辣小龙虾"]'.</msg>
<kw name="Capture Page Screenshot" library="SeleniumLibrary">
<doc>Takes screenshot of the current page and embeds it into log file.</doc>
<msg timestamp="20171221 10:21:35.070" level="INFO" html="yes">&lt;/td&gt;&lt;/tr&gt;&lt;tr&gt;&lt;td colspan="3"&gt;&lt;a href="selenium-screenshot-26.png"&gt;&lt;img src="selenium-screenshot-26.png" width="800px"&gt;&lt;/a&gt;</msg>
<status status="PASS" starttime="20171221 10:21:34.805" endtime="20171221 10:21:35.070"></status>
</kw>
<msg timestamp="20171221 10:21:35.139" level="FAIL">ElementNotVisibleException: Message: element not visible
  (Session info: headless chrome=62.0.3202.75)
  (Driver info: chromedriver=2.33.506120 (e3e53437346286c0bc2d2dc9aa4915ba81d9023f),platform=Windows NT 10.0.16299 x86_64)
</msg>
<status status="FAIL" starttime="20171221 10:21:34.720" endtime="20171221 10:21:35.139"></status>
</kw>
<tags>
<tag>level1</tag>
</tags>
<status status="FAIL" starttime="20171221 10:21:27.368" endtime="20171221 10:21:35.139" critical="yes">ElementNotVisibleException: Message: element not visible
  (Session info: headless chrome=62.0.3202.75)
  (Driver info: chromedriver=2.33.506120 (e3e53437346286c0bc2d2dc9aa4915ba81d9023f),platform=Windows NT 10.0.16299 x86_64)
</status>
</test>
<status status="FAIL" starttime="20171221 10:21:27.252" endtime="20171221 10:21:35.140"></status>
</suite>
<statistics>
<total>
<stat pass="0" fail="1">Critical Tests</stat>
<stat pass="0" fail="1">All Tests</stat>
</total>
<tag>
<stat pass="0" fail="1">level1</stat>
</tag>
<suite>
<stat pass="0" fail="1" id="s1" name="测试落单">测试落单</stat>
</suite>
</statistics>
<errors>
</errors>
</robot>
